<?xml version="1.0" encoding="UTF-8"?>
<!-- Generated by org.testng.reporters.JUnitReportReporter -->
<testsuite hostname="YCSLAP0910" failures="0" tests="1" name="orange_hrm.MainClass" time="33.221" errors="0" timestamp="2024-03-11T15:56:38 IST" skipped="0">
  <testcase classname="orange_hrm.MainClass" name="verify_login" time="33.221"/>
</testsuite> <!-- orange_hrm.MainClass -->
